2023-04-02 18:20:03,656 [Worker-8: Loading available Gradle versions] INFO  o.e.b.c.i.u.g.PublishedGradleVersions - Gradle version information cache is up-to-date. Trying to read.
2023-04-02 18:42:41,106 [Worker-3: Importing Maven projects] INFO  o.e.m.c.i.l.LifecycleMappingFactory - Using org.eclipse.m2e.jdt.JarLifecycleMapping lifecycle mapping for MavenProject: org.example:LectorCSV:1.0-SNAPSHOT @ C:\Users\Fer-Net\Desktop\Nueva carpeta (2)\argentina-programa-java-ejemplo-archivos-main\LectorCSV\pom.xml.
2023-04-02 18:42:42,216 [Worker-3: Importing Maven projects] INFO  o.e.m.j.i.AbstractJavaProjectConfigurator - Adding source folder /LectorCSV/src/main/java
2023-04-02 18:42:42,216 [Worker-3: Importing Maven projects] INFO  o.e.m.j.i.AbstractJavaProjectConfigurator - Adding resource folder /LectorCSV/src/main/resources
2023-04-02 18:42:42,217 [Worker-3: Importing Maven projects] INFO  o.e.m.j.i.AbstractJavaProjectConfigurator - Adding source folder /LectorCSV/src/test/java
2023-04-02 18:42:43,285 [Worker-3: Importing Maven projects] INFO  o.e.m.c.i.p.ProjectConfigurationManager - Imported and configured 1 project(s) in 4 sec
2023-04-02 18:42:43,848 [Worker-42: Building] WARN  o.e.m.c.i.embedder.EclipseLogger - Using platform encoding (Cp1252 actually) to copy filtered resources, i.e. build is platform dependent!
2023-04-02 18:42:43,851 [Worker-42: Building] INFO  o.e.m.c.i.embedder.EclipseLogger - Copying 4 resources
2023-04-02 18:42:43,863 [Worker-42: Building] WARN  o.e.m.c.i.embedder.EclipseLogger - Using platform encoding (Cp1252 actually) to copy filtered resources, i.e. build is platform dependent!
2023-04-02 18:42:43,864 [Worker-42: Building] INFO  o.e.m.c.i.embedder.EclipseLogger - skip non existing resourceDirectory C:\Users\Fer-Net\Desktop\Nueva carpeta (2)\argentina-programa-java-ejemplo-archivos-main\LectorCSV\src\test\resources
2023-04-02 18:46:44,975 [Worker-41: Building] WARN  o.e.m.c.i.embedder.EclipseLogger - Using platform encoding (Cp1252 actually) to copy filtered resources, i.e. build is platform dependent!
2023-04-02 18:46:44,980 [Worker-41: Building] INFO  o.e.m.c.i.embedder.EclipseLogger - Copying 4 resources
2023-04-02 18:46:44,981 [Worker-41: Building] WARN  o.e.m.c.i.embedder.EclipseLogger - Using platform encoding (Cp1252 actually) to copy filtered resources, i.e. build is platform dependent!
2023-04-02 18:46:44,982 [Worker-41: Building] INFO  o.e.m.c.i.embedder.EclipseLogger - skip non existing resourceDirectory C:\Users\Fer-Net\Desktop\Nueva carpeta (2)\argentina-programa-java-ejemplo-archivos-main\LectorCSV\src\test\resources
2023-04-02 18:46:46,018 [Worker-45: Building] WARN  o.e.m.c.i.embedder.EclipseLogger - Using platform encoding (Cp1252 actually) to copy filtered resources, i.e. build is platform dependent!
2023-04-02 18:46:46,019 [Worker-45: Building] INFO  o.e.m.c.i.embedder.EclipseLogger - Copying 0 resource
2023-04-02 18:46:46,020 [Worker-45: Building] WARN  o.e.m.c.i.embedder.EclipseLogger - Using platform encoding (Cp1252 actually) to copy filtered resources, i.e. build is platform dependent!
2023-04-02 18:46:46,020 [Worker-45: Building] INFO  o.e.m.c.i.embedder.EclipseLogger - skip non existing resourceDirectory C:\Users\Fer-Net\Desktop\Nueva carpeta (2)\argentina-programa-java-ejemplo-archivos-main\LectorCSV\src\test\resources
2023-04-02 18:51:45,478 [Worker-45: Building] WARN  o.e.m.c.i.embedder.EclipseLogger - Using platform encoding (Cp1252 actually) to copy filtered resources, i.e. build is platform dependent!
2023-04-02 18:51:45,479 [Worker-45: Building] INFO  o.e.m.c.i.embedder.EclipseLogger - Copying 4 resources
2023-04-02 18:51:45,481 [Worker-45: Building] WARN  o.e.m.c.i.embedder.EclipseLogger - Using platform encoding (Cp1252 actually) to copy filtered resources, i.e. build is platform dependent!
2023-04-02 18:51:45,482 [Worker-45: Building] INFO  o.e.m.c.i.embedder.EclipseLogger - skip non existing resourceDirectory C:\Users\Fer-Net\Desktop\Nueva carpeta (2)\argentina-programa-java-ejemplo-archivos-main\LectorCSV\src\test\resources
2023-04-02 18:52:16,817 [Worker-41: Building] WARN  o.e.m.c.i.embedder.EclipseLogger - Using platform encoding (Cp1252 actually) to copy filtered resources, i.e. build is platform dependent!
2023-04-02 18:52:16,818 [Worker-41: Building] INFO  o.e.m.c.i.embedder.EclipseLogger - Copying 4 resources
2023-04-02 18:52:16,820 [Worker-41: Building] WARN  o.e.m.c.i.embedder.EclipseLogger - Using platform encoding (Cp1252 actually) to copy filtered resources, i.e. build is platform dependent!
2023-04-02 18:52:16,821 [Worker-41: Building] INFO  o.e.m.c.i.embedder.EclipseLogger - skip non existing resourceDirectory C:\Users\Fer-Net\Desktop\Nueva carpeta (2)\argentina-programa-java-ejemplo-archivos-main\LectorCSV\src\test\resources
2023-04-02 18:52:35,777 [Worker-45: Building] WARN  o.e.m.c.i.embedder.EclipseLogger - Using platform encoding (Cp1252 actually) to copy filtered resources, i.e. build is platform dependent!
2023-04-02 18:52:35,778 [Worker-45: Building] INFO  o.e.m.c.i.embedder.EclipseLogger - Copying 4 resources
2023-04-02 18:52:35,779 [Worker-45: Building] WARN  o.e.m.c.i.embedder.EclipseLogger - Using platform encoding (Cp1252 actually) to copy filtered resources, i.e. build is platform dependent!
2023-04-02 18:52:35,780 [Worker-45: Building] INFO  o.e.m.c.i.embedder.EclipseLogger - skip non existing resourceDirectory C:\Users\Fer-Net\Desktop\Nueva carpeta (2)\argentina-programa-java-ejemplo-archivos-main\LectorCSV\src\test\resources
2023-04-02 18:52:45,220 [Worker-48: Building] WARN  o.e.m.c.i.embedder.EclipseLogger - Using platform encoding (Cp1252 actually) to copy filtered resources, i.e. build is platform dependent!
2023-04-02 18:52:45,221 [Worker-48: Building] INFO  o.e.m.c.i.embedder.EclipseLogger - Copying 4 resources
2023-04-02 18:52:45,223 [Worker-48: Building] WARN  o.e.m.c.i.embedder.EclipseLogger - Using platform encoding (Cp1252 actually) to copy filtered resources, i.e. build is platform dependent!
2023-04-02 18:52:45,224 [Worker-48: Building] INFO  o.e.m.c.i.embedder.EclipseLogger - skip non existing resourceDirectory C:\Users\Fer-Net\Desktop\Nueva carpeta (2)\argentina-programa-java-ejemplo-archivos-main\LectorCSV\src\test\resources
2023-04-02 18:54:12,303 [Worker-45: Building] WARN  o.e.m.c.i.embedder.EclipseLogger - Using platform encoding (Cp1252 actually) to copy filtered resources, i.e. build is platform dependent!
2023-04-02 18:54:12,304 [Worker-45: Building] INFO  o.e.m.c.i.embedder.EclipseLogger - Copying 4 resources
2023-04-02 18:54:12,307 [Worker-45: Building] WARN  o.e.m.c.i.embedder.EclipseLogger - Using platform encoding (Cp1252 actually) to copy filtered resources, i.e. build is platform dependent!
2023-04-02 18:54:12,308 [Worker-45: Building] INFO  o.e.m.c.i.embedder.EclipseLogger - skip non existing resourceDirectory C:\Users\Fer-Net\Desktop\Nueva carpeta (2)\argentina-programa-java-ejemplo-archivos-main\LectorCSV\src\test\resources
2023-04-02 18:54:43,388 [Worker-45: Building] WARN  o.e.m.c.i.embedder.EclipseLogger - Using platform encoding (Cp1252 actually) to copy filtered resources, i.e. build is platform dependent!
2023-04-02 18:54:43,389 [Worker-45: Building] INFO  o.e.m.c.i.embedder.EclipseLogger - Copying 4 resources
2023-04-02 18:54:43,390 [Worker-45: Building] WARN  o.e.m.c.i.embedder.EclipseLogger - Using platform encoding (Cp1252 actually) to copy filtered resources, i.e. build is platform dependent!
2023-04-02 18:54:43,391 [Worker-45: Building] INFO  o.e.m.c.i.embedder.EclipseLogger - skip non existing resourceDirectory C:\Users\Fer-Net\Desktop\Nueva carpeta (2)\argentina-programa-java-ejemplo-archivos-main\LectorCSV\src\test\resources
2023-04-02 18:55:33,217 [Worker-47: Building] WARN  o.e.m.c.i.embedder.EclipseLogger - Using platform encoding (Cp1252 actually) to copy filtered resources, i.e. build is platform dependent!
2023-04-02 18:55:33,218 [Worker-47: Building] INFO  o.e.m.c.i.embedder.EclipseLogger - Copying 4 resources
2023-04-02 18:55:33,219 [Worker-47: Building] WARN  o.e.m.c.i.embedder.EclipseLogger - Using platform encoding (Cp1252 actually) to copy filtered resources, i.e. build is platform dependent!
2023-04-02 18:55:33,220 [Worker-47: Building] INFO  o.e.m.c.i.embedder.EclipseLogger - skip non existing resourceDirectory C:\Users\Fer-Net\Desktop\Nueva carpeta (2)\argentina-programa-java-ejemplo-archivos-main\LectorCSV\src\test\resources
2023-04-02 18:57:39,370 [Worker-41: Building] WARN  o.e.m.c.i.embedder.EclipseLogger - Using platform encoding (Cp1252 actually) to copy filtered resources, i.e. build is platform dependent!
2023-04-02 18:57:39,371 [Worker-41: Building] INFO  o.e.m.c.i.embedder.EclipseLogger - Copying 4 resources
2023-04-02 18:57:39,372 [Worker-41: Building] WARN  o.e.m.c.i.embedder.EclipseLogger - Using platform encoding (Cp1252 actually) to copy filtered resources, i.e. build is platform dependent!
2023-04-02 18:57:39,373 [Worker-41: Building] INFO  o.e.m.c.i.embedder.EclipseLogger - skip non existing resourceDirectory C:\Users\Fer-Net\Desktop\Nueva carpeta (2)\argentina-programa-java-ejemplo-archivos-main\LectorCSV\src\test\resources
2023-04-02 18:58:12,639 [Worker-48: Building] WARN  o.e.m.c.i.embedder.EclipseLogger - Using platform encoding (Cp1252 actually) to copy filtered resources, i.e. build is platform dependent!
2023-04-02 18:58:12,640 [Worker-48: Building] INFO  o.e.m.c.i.embedder.EclipseLogger - Copying 4 resources
2023-04-02 18:58:12,642 [Worker-48: Building] WARN  o.e.m.c.i.embedder.EclipseLogger - Using platform encoding (Cp1252 actually) to copy filtered resources, i.e. build is platform dependent!
2023-04-02 18:58:12,642 [Worker-48: Building] INFO  o.e.m.c.i.embedder.EclipseLogger - skip non existing resourceDirectory C:\Users\Fer-Net\Desktop\Nueva carpeta (2)\argentina-programa-java-ejemplo-archivos-main\LectorCSV\src\test\resources
2023-04-02 18:59:21,041 [Worker-41: Building] WARN  o.e.m.c.i.embedder.EclipseLogger - Using platform encoding (Cp1252 actually) to copy filtered resources, i.e. build is platform dependent!
2023-04-02 18:59:21,042 [Worker-41: Building] INFO  o.e.m.c.i.embedder.EclipseLogger - Copying 4 resources
2023-04-02 18:59:21,044 [Worker-41: Building] WARN  o.e.m.c.i.embedder.EclipseLogger - Using platform encoding (Cp1252 actually) to copy filtered resources, i.e. build is platform dependent!
2023-04-02 18:59:21,044 [Worker-41: Building] INFO  o.e.m.c.i.embedder.EclipseLogger - skip non existing resourceDirectory C:\Users\Fer-Net\Desktop\Nueva carpeta (2)\argentina-programa-java-ejemplo-archivos-main\LectorCSV\src\test\resources
2023-04-02 18:59:31,001 [Worker-45: Building] WARN  o.e.m.c.i.embedder.EclipseLogger - Using platform encoding (Cp1252 actually) to copy filtered resources, i.e. build is platform dependent!
2023-04-02 18:59:31,002 [Worker-45: Building] INFO  o.e.m.c.i.embedder.EclipseLogger - Copying 4 resources
2023-04-02 18:59:31,003 [Worker-45: Building] WARN  o.e.m.c.i.embedder.EclipseLogger - Using platform encoding (Cp1252 actually) to copy filtered resources, i.e. build is platform dependent!
2023-04-02 18:59:31,003 [Worker-45: Building] INFO  o.e.m.c.i.embedder.EclipseLogger - skip non existing resourceDirectory C:\Users\Fer-Net\Desktop\Nueva carpeta (2)\argentina-programa-java-ejemplo-archivos-main\LectorCSV\src\test\resources
2023-04-02 19:00:47,352 [Worker-46: Building] WARN  o.e.m.c.i.embedder.EclipseLogger - Using platform encoding (Cp1252 actually) to copy filtered resources, i.e. build is platform dependent!
2023-04-02 19:00:47,353 [Worker-46: Building] INFO  o.e.m.c.i.embedder.EclipseLogger - Copying 4 resources
2023-04-02 19:00:47,355 [Worker-46: Building] WARN  o.e.m.c.i.embedder.EclipseLogger - Using platform encoding (Cp1252 actually) to copy filtered resources, i.e. build is platform dependent!
2023-04-02 19:00:47,355 [Worker-46: Building] INFO  o.e.m.c.i.embedder.EclipseLogger - skip non existing resourceDirectory C:\Users\Fer-Net\Desktop\Nueva carpeta (2)\argentina-programa-java-ejemplo-archivos-main\LectorCSV\src\test\resources
2023-04-02 19:03:29,301 [Worker-50: Building] WARN  o.e.m.c.i.embedder.EclipseLogger - Using platform encoding (Cp1252 actually) to copy filtered resources, i.e. build is platform dependent!
2023-04-02 19:03:29,303 [Worker-50: Building] INFO  o.e.m.c.i.embedder.EclipseLogger - Copying 4 resources
2023-04-02 19:03:29,305 [Worker-50: Building] WARN  o.e.m.c.i.embedder.EclipseLogger - Using platform encoding (Cp1252 actually) to copy filtered resources, i.e. build is platform dependent!
2023-04-02 19:03:29,305 [Worker-50: Building] INFO  o.e.m.c.i.embedder.EclipseLogger - skip non existing resourceDirectory C:\Users\Fer-Net\Desktop\Nueva carpeta (2)\argentina-programa-java-ejemplo-archivos-main\LectorCSV\src\test\resources
2023-04-02 19:07:20,679 [Worker-48: Building] WARN  o.e.m.c.i.embedder.EclipseLogger - Using platform encoding (Cp1252 actually) to copy filtered resources, i.e. build is platform dependent!
2023-04-02 19:07:20,680 [Worker-48: Building] INFO  o.e.m.c.i.embedder.EclipseLogger - Copying 4 resources
2023-04-02 19:07:20,681 [Worker-48: Building] WARN  o.e.m.c.i.embedder.EclipseLogger - Using platform encoding (Cp1252 actually) to copy filtered resources, i.e. build is platform dependent!
2023-04-02 19:07:20,682 [Worker-48: Building] INFO  o.e.m.c.i.embedder.EclipseLogger - skip non existing resourceDirectory C:\Users\Fer-Net\Desktop\Nueva carpeta (2)\argentina-programa-java-ejemplo-archivos-main\LectorCSV\src\test\resources
2023-04-02 19:12:21,974 [Worker-52: Building] WARN  o.e.m.c.i.embedder.EclipseLogger - Using platform encoding (Cp1252 actually) to copy filtered resources, i.e. build is platform dependent!
2023-04-02 19:12:21,976 [Worker-52: Building] INFO  o.e.m.c.i.embedder.EclipseLogger - Copying 4 resources
2023-04-02 19:12:21,978 [Worker-52: Building] WARN  o.e.m.c.i.embedder.EclipseLogger - Using platform encoding (Cp1252 actually) to copy filtered resources, i.e. build is platform dependent!
2023-04-02 19:12:21,979 [Worker-52: Building] INFO  o.e.m.c.i.embedder.EclipseLogger - skip non existing resourceDirectory C:\Users\Fer-Net\Desktop\Nueva carpeta (2)\argentina-programa-java-ejemplo-archivos-main\LectorCSV\src\test\resources
2023-04-02 19:14:08,880 [Worker-52: Building] WARN  o.e.m.c.i.embedder.EclipseLogger - Using platform encoding (Cp1252 actually) to copy filtered resources, i.e. build is platform dependent!
2023-04-02 19:14:08,881 [Worker-52: Building] INFO  o.e.m.c.i.embedder.EclipseLogger - Copying 4 resources
2023-04-02 19:14:08,882 [Worker-52: Building] WARN  o.e.m.c.i.embedder.EclipseLogger - Using platform encoding (Cp1252 actually) to copy filtered resources, i.e. build is platform dependent!
2023-04-02 19:14:08,883 [Worker-52: Building] INFO  o.e.m.c.i.embedder.EclipseLogger - skip non existing resourceDirectory C:\Users\Fer-Net\Desktop\Nueva carpeta (2)\argentina-programa-java-ejemplo-archivos-main\LectorCSV\src\test\resources
2023-04-02 19:15:37,600 [Worker-52: Building] WARN  o.e.m.c.i.embedder.EclipseLogger - Using platform encoding (Cp1252 actually) to copy filtered resources, i.e. build is platform dependent!
2023-04-02 19:15:37,601 [Worker-52: Building] INFO  o.e.m.c.i.embedder.EclipseLogger - Copying 4 resources
2023-04-02 19:15:37,603 [Worker-52: Building] WARN  o.e.m.c.i.embedder.EclipseLogger - Using platform encoding (Cp1252 actually) to copy filtered resources, i.e. build is platform dependent!
2023-04-02 19:15:37,603 [Worker-52: Building] INFO  o.e.m.c.i.embedder.EclipseLogger - skip non existing resourceDirectory C:\Users\Fer-Net\Desktop\Nueva carpeta (2)\argentina-programa-java-ejemplo-archivos-main\LectorCSV\src\test\resources
2023-04-02 19:17:04,643 [Worker-50: Building] WARN  o.e.m.c.i.embedder.EclipseLogger - Using platform encoding (Cp1252 actually) to copy filtered resources, i.e. build is platform dependent!
2023-04-02 19:17:04,644 [Worker-50: Building] INFO  o.e.m.c.i.embedder.EclipseLogger - Copying 4 resources
2023-04-02 19:17:04,646 [Worker-50: Building] WARN  o.e.m.c.i.embedder.EclipseLogger - Using platform encoding (Cp1252 actually) to copy filtered resources, i.e. build is platform dependent!
2023-04-02 19:17:04,646 [Worker-50: Building] INFO  o.e.m.c.i.embedder.EclipseLogger - skip non existing resourceDirectory C:\Users\Fer-Net\Desktop\Nueva carpeta (2)\argentina-programa-java-ejemplo-archivos-main\LectorCSV\src\test\resources
2023-04-02 19:18:58,736 [Worker-50: Building] WARN  o.e.m.c.i.embedder.EclipseLogger - Using platform encoding (Cp1252 actually) to copy filtered resources, i.e. build is platform dependent!
2023-04-02 19:18:58,737 [Worker-50: Building] INFO  o.e.m.c.i.embedder.EclipseLogger - Copying 4 resources
2023-04-02 19:18:58,739 [Worker-50: Building] WARN  o.e.m.c.i.embedder.EclipseLogger - Using platform encoding (Cp1252 actually) to copy filtered resources, i.e. build is platform dependent!
2023-04-02 19:18:58,739 [Worker-50: Building] INFO  o.e.m.c.i.embedder.EclipseLogger - skip non existing resourceDirectory C:\Users\Fer-Net\Desktop\Nueva carpeta (2)\argentina-programa-java-ejemplo-archivos-main\LectorCSV\src\test\resources
2023-04-02 19:19:45,113 [Worker-48: Building] WARN  o.e.m.c.i.embedder.EclipseLogger - Using platform encoding (Cp1252 actually) to copy filtered resources, i.e. build is platform dependent!
2023-04-02 19:19:45,115 [Worker-48: Building] INFO  o.e.m.c.i.embedder.EclipseLogger - Copying 4 resources
2023-04-02 19:19:45,117 [Worker-48: Building] WARN  o.e.m.c.i.embedder.EclipseLogger - Using platform encoding (Cp1252 actually) to copy filtered resources, i.e. build is platform dependent!
2023-04-02 19:19:45,117 [Worker-48: Building] INFO  o.e.m.c.i.embedder.EclipseLogger - skip non existing resourceDirectory C:\Users\Fer-Net\Desktop\Nueva carpeta (2)\argentina-programa-java-ejemplo-archivos-main\LectorCSV\src\test\resources
2023-04-02 19:20:16,118 [Worker-53: Building] WARN  o.e.m.c.i.embedder.EclipseLogger - Using platform encoding (Cp1252 actually) to copy filtered resources, i.e. build is platform dependent!
2023-04-02 19:20:16,119 [Worker-53: Building] INFO  o.e.m.c.i.embedder.EclipseLogger - Copying 4 resources
2023-04-02 19:20:16,120 [Worker-53: Building] WARN  o.e.m.c.i.embedder.EclipseLogger - Using platform encoding (Cp1252 actually) to copy filtered resources, i.e. build is platform dependent!
2023-04-02 19:20:16,121 [Worker-53: Building] INFO  o.e.m.c.i.embedder.EclipseLogger - skip non existing resourceDirectory C:\Users\Fer-Net\Desktop\Nueva carpeta (2)\argentina-programa-java-ejemplo-archivos-main\LectorCSV\src\test\resources
2023-04-02 19:20:22,266 [Worker-50: Building] WARN  o.e.m.c.i.embedder.EclipseLogger - Using platform encoding (Cp1252 actually) to copy filtered resources, i.e. build is platform dependent!
2023-04-02 19:20:22,267 [Worker-50: Building] INFO  o.e.m.c.i.embedder.EclipseLogger - Copying 4 resources
2023-04-02 19:20:22,269 [Worker-50: Building] WARN  o.e.m.c.i.embedder.EclipseLogger - Using platform encoding (Cp1252 actually) to copy filtered resources, i.e. build is platform dependent!
2023-04-02 19:20:22,269 [Worker-50: Building] INFO  o.e.m.c.i.embedder.EclipseLogger - skip non existing resourceDirectory C:\Users\Fer-Net\Desktop\Nueva carpeta (2)\argentina-programa-java-ejemplo-archivos-main\LectorCSV\src\test\resources
2023-04-02 19:25:15,900 [Worker-52: Building] WARN  o.e.m.c.i.embedder.EclipseLogger - Using platform encoding (Cp1252 actually) to copy filtered resources, i.e. build is platform dependent!
2023-04-02 19:25:15,901 [Worker-52: Building] INFO  o.e.m.c.i.embedder.EclipseLogger - Copying 4 resources
2023-04-02 19:25:15,903 [Worker-52: Building] WARN  o.e.m.c.i.embedder.EclipseLogger - Using platform encoding (Cp1252 actually) to copy filtered resources, i.e. build is platform dependent!
2023-04-02 19:25:15,904 [Worker-52: Building] INFO  o.e.m.c.i.embedder.EclipseLogger - skip non existing resourceDirectory C:\Users\Fer-Net\Desktop\Nueva carpeta (2)\argentina-programa-java-ejemplo-archivos-main\LectorCSV\src\test\resources
2023-04-02 19:26:09,706 [Worker-55: Building] WARN  o.e.m.c.i.embedder.EclipseLogger - Using platform encoding (Cp1252 actually) to copy filtered resources, i.e. build is platform dependent!
2023-04-02 19:26:09,707 [Worker-55: Building] INFO  o.e.m.c.i.embedder.EclipseLogger - Copying 4 resources
2023-04-02 19:26:09,708 [Worker-55: Building] WARN  o.e.m.c.i.embedder.EclipseLogger - Using platform encoding (Cp1252 actually) to copy filtered resources, i.e. build is platform dependent!
2023-04-02 19:26:09,708 [Worker-55: Building] INFO  o.e.m.c.i.embedder.EclipseLogger - skip non existing resourceDirectory C:\Users\Fer-Net\Desktop\Nueva carpeta (2)\argentina-programa-java-ejemplo-archivos-main\LectorCSV\src\test\resources
2023-04-02 19:26:11,860 [Worker-56: Building] WARN  o.e.m.c.i.embedder.EclipseLogger - Using platform encoding (Cp1252 actually) to copy filtered resources, i.e. build is platform dependent!
2023-04-02 19:26:11,861 [Worker-56: Building] INFO  o.e.m.c.i.embedder.EclipseLogger - Copying 4 resources
2023-04-02 19:26:11,862 [Worker-56: Building] WARN  o.e.m.c.i.embedder.EclipseLogger - Using platform encoding (Cp1252 actually) to copy filtered resources, i.e. build is platform dependent!
2023-04-02 19:26:11,863 [Worker-56: Building] INFO  o.e.m.c.i.embedder.EclipseLogger - skip non existing resourceDirectory C:\Users\Fer-Net\Desktop\Nueva carpeta (2)\argentina-programa-java-ejemplo-archivos-main\LectorCSV\src\test\resources
2023-04-02 19:26:14,991 [Worker-50: Building] WARN  o.e.m.c.i.embedder.EclipseLogger - Using platform encoding (Cp1252 actually) to copy filtered resources, i.e. build is platform dependent!
2023-04-02 19:26:14,992 [Worker-50: Building] INFO  o.e.m.c.i.embedder.EclipseLogger - Copying 4 resources
2023-04-02 19:26:14,994 [Worker-50: Building] WARN  o.e.m.c.i.embedder.EclipseLogger - Using platform encoding (Cp1252 actually) to copy filtered resources, i.e. build is platform dependent!
2023-04-02 19:26:14,995 [Worker-50: Building] INFO  o.e.m.c.i.embedder.EclipseLogger - skip non existing resourceDirectory C:\Users\Fer-Net\Desktop\Nueva carpeta (2)\argentina-programa-java-ejemplo-archivos-main\LectorCSV\src\test\resources
2023-04-02 19:26:18,374 [Worker-55: Building] WARN  o.e.m.c.i.embedder.EclipseLogger - Using platform encoding (Cp1252 actually) to copy filtered resources, i.e. build is platform dependent!
2023-04-02 19:26:18,375 [Worker-55: Building] INFO  o.e.m.c.i.embedder.EclipseLogger - Copying 4 resources
2023-04-02 19:26:18,377 [Worker-55: Building] WARN  o.e.m.c.i.embedder.EclipseLogger - Using platform encoding (Cp1252 actually) to copy filtered resources, i.e. build is platform dependent!
2023-04-02 19:26:18,377 [Worker-55: Building] INFO  o.e.m.c.i.embedder.EclipseLogger - skip non existing resourceDirectory C:\Users\Fer-Net\Desktop\Nueva carpeta (2)\argentina-programa-java-ejemplo-archivos-main\LectorCSV\src\test\resources
2023-04-02 19:35:13,758 [Worker-52: Building] WARN  o.e.m.c.i.embedder.EclipseLogger - Using platform encoding (Cp1252 actually) to copy filtered resources, i.e. build is platform dependent!
2023-04-02 19:35:13,759 [Worker-52: Building] INFO  o.e.m.c.i.embedder.EclipseLogger - Copying 5 resources
2023-04-02 19:35:13,762 [Worker-52: Building] WARN  o.e.m.c.i.embedder.EclipseLogger - Using platform encoding (Cp1252 actually) to copy filtered resources, i.e. build is platform dependent!
2023-04-02 19:35:13,763 [Worker-52: Building] INFO  o.e.m.c.i.embedder.EclipseLogger - skip non existing resourceDirectory C:\Users\Fer-Net\Desktop\Nueva carpeta (2)\argentina-programa-java-ejemplo-archivos-main\LectorCSV\src\test\resources
2023-04-02 19:35:41,736 [Worker-56: Building] WARN  o.e.m.c.i.embedder.EclipseLogger - Using platform encoding (Cp1252 actually) to copy filtered resources, i.e. build is platform dependent!
2023-04-02 19:35:41,737 [Worker-56: Building] INFO  o.e.m.c.i.embedder.EclipseLogger - Copying 5 resources
2023-04-02 19:35:41,739 [Worker-56: Building] WARN  o.e.m.c.i.embedder.EclipseLogger - Using platform encoding (Cp1252 actually) to copy filtered resources, i.e. build is platform dependent!
2023-04-02 19:35:41,739 [Worker-56: Building] INFO  o.e.m.c.i.embedder.EclipseLogger - skip non existing resourceDirectory C:\Users\Fer-Net\Desktop\Nueva carpeta (2)\argentina-programa-java-ejemplo-archivos-main\LectorCSV\src\test\resources
2023-04-02 19:37:43,138 [Worker-55: Building] WARN  o.e.m.c.i.embedder.EclipseLogger - Using platform encoding (Cp1252 actually) to copy filtered resources, i.e. build is platform dependent!
2023-04-02 19:37:43,139 [Worker-55: Building] INFO  o.e.m.c.i.embedder.EclipseLogger - Copying 5 resources
2023-04-02 19:37:43,140 [Worker-55: Building] WARN  o.e.m.c.i.embedder.EclipseLogger - Using platform encoding (Cp1252 actually) to copy filtered resources, i.e. build is platform dependent!
2023-04-02 19:37:43,141 [Worker-55: Building] INFO  o.e.m.c.i.embedder.EclipseLogger - skip non existing resourceDirectory C:\Users\Fer-Net\Desktop\Nueva carpeta (2)\argentina-programa-java-ejemplo-archivos-main\LectorCSV\src\test\resources
2023-04-02 19:38:52,818 [Worker-57: Building] WARN  o.e.m.c.i.embedder.EclipseLogger - Using platform encoding (Cp1252 actually) to copy filtered resources, i.e. build is platform dependent!
2023-04-02 19:38:52,819 [Worker-57: Building] INFO  o.e.m.c.i.embedder.EclipseLogger - Copying 5 resources
2023-04-02 19:38:52,821 [Worker-57: Building] WARN  o.e.m.c.i.embedder.EclipseLogger - Using platform encoding (Cp1252 actually) to copy filtered resources, i.e. build is platform dependent!
2023-04-02 19:38:52,821 [Worker-57: Building] INFO  o.e.m.c.i.embedder.EclipseLogger - skip non existing resourceDirectory C:\Users\Fer-Net\Desktop\Nueva carpeta (2)\argentina-programa-java-ejemplo-archivos-main\LectorCSV\src\test\resources
2023-04-02 19:41:11,184 [Worker-55: Building] WARN  o.e.m.c.i.embedder.EclipseLogger - Using platform encoding (Cp1252 actually) to copy filtered resources, i.e. build is platform dependent!
2023-04-02 19:41:11,185 [Worker-55: Building] INFO  o.e.m.c.i.embedder.EclipseLogger - Copying 5 resources
2023-04-02 19:41:11,186 [Worker-55: Building] WARN  o.e.m.c.i.embedder.EclipseLogger - Using platform encoding (Cp1252 actually) to copy filtered resources, i.e. build is platform dependent!
2023-04-02 19:41:11,187 [Worker-55: Building] INFO  o.e.m.c.i.embedder.EclipseLogger - skip non existing resourceDirectory C:\Users\Fer-Net\Desktop\Nueva carpeta (2)\argentina-programa-java-ejemplo-archivos-main\LectorCSV\src\test\resources
2023-04-02 19:47:27,972 [Worker-52: Building] WARN  o.e.m.c.i.embedder.EclipseLogger - Using platform encoding (Cp1252 actually) to copy filtered resources, i.e. build is platform dependent!
2023-04-02 19:47:27,973 [Worker-52: Building] INFO  o.e.m.c.i.embedder.EclipseLogger - Copying 5 resources
2023-04-02 19:47:27,974 [Worker-52: Building] WARN  o.e.m.c.i.embedder.EclipseLogger - Using platform encoding (Cp1252 actually) to copy filtered resources, i.e. build is platform dependent!
2023-04-02 19:47:27,975 [Worker-52: Building] INFO  o.e.m.c.i.embedder.EclipseLogger - skip non existing resourceDirectory C:\Users\Fer-Net\Desktop\Nueva carpeta (2)\argentina-programa-java-ejemplo-archivos-main\LectorCSV\src\test\resources
2023-04-02 19:48:43,779 [Worker-57: Building] WARN  o.e.m.c.i.embedder.EclipseLogger - Using platform encoding (Cp1252 actually) to copy filtered resources, i.e. build is platform dependent!
2023-04-02 19:48:43,781 [Worker-57: Building] INFO  o.e.m.c.i.embedder.EclipseLogger - Copying 1 resource
2023-04-02 19:48:43,782 [Worker-57: Building] WARN  o.e.m.c.i.embedder.EclipseLogger - Using platform encoding (Cp1252 actually) to copy filtered resources, i.e. build is platform dependent!
2023-04-02 19:48:43,783 [Worker-57: Building] INFO  o.e.m.c.i.embedder.EclipseLogger - skip non existing resourceDirectory C:\Users\Fer-Net\Desktop\Nueva carpeta (2)\argentina-programa-java-ejemplo-archivos-main\LectorCSV\src\test\resources
2023-04-02 19:52:00,295 [Worker-59: Building] WARN  o.e.m.c.i.embedder.EclipseLogger - Using platform encoding (Cp1252 actually) to copy filtered resources, i.e. build is platform dependent!
2023-04-02 19:52:00,296 [Worker-59: Building] INFO  o.e.m.c.i.embedder.EclipseLogger - Copying 5 resources
2023-04-02 19:52:00,298 [Worker-59: Building] WARN  o.e.m.c.i.embedder.EclipseLogger - Using platform encoding (Cp1252 actually) to copy filtered resources, i.e. build is platform dependent!
2023-04-02 19:52:00,298 [Worker-59: Building] INFO  o.e.m.c.i.embedder.EclipseLogger - skip non existing resourceDirectory C:\Users\Fer-Net\Desktop\Nueva carpeta (2)\argentina-programa-java-ejemplo-archivos-main\LectorCSV\src\test\resources
2023-04-02 19:56:59,267 [Worker-59: Building] WARN  o.e.m.c.i.embedder.EclipseLogger - Using platform encoding (Cp1252 actually) to copy filtered resources, i.e. build is platform dependent!
2023-04-02 19:56:59,269 [Worker-59: Building] INFO  o.e.m.c.i.embedder.EclipseLogger - Copying 5 resources
2023-04-02 19:56:59,270 [Worker-59: Building] WARN  o.e.m.c.i.embedder.EclipseLogger - Using platform encoding (Cp1252 actually) to copy filtered resources, i.e. build is platform dependent!
2023-04-02 19:56:59,270 [Worker-59: Building] INFO  o.e.m.c.i.embedder.EclipseLogger - skip non existing resourceDirectory C:\Users\Fer-Net\Desktop\Nueva carpeta (2)\argentina-programa-java-ejemplo-archivos-main\LectorCSV\src\test\resources
2023-04-02 19:59:13,247 [Worker-60: Building] WARN  o.e.m.c.i.embedder.EclipseLogger - Using platform encoding (Cp1252 actually) to copy filtered resources, i.e. build is platform dependent!
2023-04-02 19:59:13,249 [Worker-60: Building] INFO  o.e.m.c.i.embedder.EclipseLogger - Copying 5 resources
2023-04-02 19:59:13,250 [Worker-60: Building] WARN  o.e.m.c.i.embedder.EclipseLogger - Using platform encoding (Cp1252 actually) to copy filtered resources, i.e. build is platform dependent!
2023-04-02 19:59:13,251 [Worker-60: Building] INFO  o.e.m.c.i.embedder.EclipseLogger - skip non existing resourceDirectory C:\Users\Fer-Net\Desktop\Nueva carpeta (2)\argentina-programa-java-ejemplo-archivos-main\LectorCSV\src\test\resources
2023-04-02 20:00:01,788 [Worker-57: Launching Main] WARN  o.e.m.c.i.embedder.EclipseLogger - Using platform encoding (Cp1252 actually) to copy filtered resources, i.e. build is platform dependent!
2023-04-02 20:00:01,790 [Worker-57: Launching Main] INFO  o.e.m.c.i.embedder.EclipseLogger - Copying 5 resources
2023-04-02 20:00:01,791 [Worker-57: Launching Main] WARN  o.e.m.c.i.embedder.EclipseLogger - Using platform encoding (Cp1252 actually) to copy filtered resources, i.e. build is platform dependent!
2023-04-02 20:00:01,792 [Worker-57: Launching Main] INFO  o.e.m.c.i.embedder.EclipseLogger - skip non existing resourceDirectory C:\Users\Fer-Net\Desktop\Nueva carpeta (2)\argentina-programa-java-ejemplo-archivos-main\LectorCSV\src\test\resources
2023-04-02 20:04:26,437 [Worker-62: Building] INFO  o.e.m.c.i.l.LifecycleMappingFactory - Using org.eclipse.m2e.jdt.JarLifecycleMapping lifecycle mapping for MavenProject: org.example:LectorCSV:1.0-SNAPSHOT @ C:\Users\Fer-Net\Desktop\Nueva carpeta (2)\argentina-programa-java-ejemplo-archivos-main\LectorCSV\pom.xml.
2023-04-02 20:04:26,829 [Worker-62: Building] WARN  o.e.m.c.i.embedder.EclipseLogger - Using platform encoding (Cp1252 actually) to copy filtered resources, i.e. build is platform dependent!
2023-04-02 20:04:26,830 [Worker-62: Building] INFO  o.e.m.c.i.embedder.EclipseLogger - Copying 5 resources
2023-04-02 20:04:26,839 [Worker-62: Building] WARN  o.e.m.c.i.embedder.EclipseLogger - Using platform encoding (Cp1252 actually) to copy filtered resources, i.e. build is platform dependent!
2023-04-02 20:04:26,839 [Worker-62: Building] INFO  o.e.m.c.i.embedder.EclipseLogger - skip non existing resourceDirectory C:\Users\Fer-Net\Desktop\Nueva carpeta (2)\argentina-programa-java-ejemplo-archivos-main\LectorCSV\src\test\resources
2023-04-02 20:04:28,154 [Worker-70: Building] WARN  o.e.m.c.i.embedder.EclipseLogger - Using platform encoding (Cp1252 actually) to copy filtered resources, i.e. build is platform dependent!
2023-04-02 20:04:28,158 [Worker-70: Building] INFO  o.e.m.c.i.embedder.EclipseLogger - Copying 5 resources
2023-04-02 20:04:28,172 [Worker-70: Building] WARN  o.e.m.c.i.embedder.EclipseLogger - Using platform encoding (Cp1252 actually) to copy filtered resources, i.e. build is platform dependent!
2023-04-02 20:04:28,173 [Worker-70: Building] INFO  o.e.m.c.i.embedder.EclipseLogger - skip non existing resourceDirectory C:\Users\Fer-Net\Desktop\Nueva carpeta (2)\argentina-programa-java-ejemplo-archivos-main\LectorCSV\src\test\resources
2023-04-02 20:05:02,396 [Worker-71: Building] INFO  o.e.m.c.i.l.LifecycleMappingFactory - Using org.eclipse.m2e.jdt.JarLifecycleMapping lifecycle mapping for MavenProject: org.ArgentinaPrograma:GestorDeCorrelativas:1.0-SNAPSHOT @ C:\Users\Fer-Net\Desktop\Nueva carpeta (2)\argentina-programa-java-ejemplo-archivos-main\LectorCSV\pom.xml.
2023-04-02 20:05:02,469 [Worker-71: Building] WARN  o.e.m.c.i.embedder.EclipseLogger - Using platform encoding (Cp1252 actually) to copy filtered resources, i.e. build is platform dependent!
2023-04-02 20:05:02,471 [Worker-71: Building] INFO  o.e.m.c.i.embedder.EclipseLogger - Copying 0 resource
2023-04-02 20:05:02,473 [Worker-71: Building] WARN  o.e.m.c.i.embedder.EclipseLogger - Using platform encoding (Cp1252 actually) to copy filtered resources, i.e. build is platform dependent!
2023-04-02 20:05:02,474 [Worker-71: Building] INFO  o.e.m.c.i.embedder.EclipseLogger - skip non existing resourceDirectory C:\Users\Fer-Net\Desktop\Nueva carpeta (2)\argentina-programa-java-ejemplo-archivos-main\LectorCSV\src\test\resources
2023-04-02 20:05:48,344 [Worker-72: Launching Executing clean in C__Users_Fer-Net_Desktop_Nueva carpeta (2)_argentina-programa-java-ejemplo-archivos-main_LectorCSV] INFO  o.eclipse.m2e.core.internal.Bundles - getClasspathEntries(Bundle=org.eclipse.m2e.maven.runtime_3.8.604.20221130-2149 [269])
2023-04-02 20:05:48,351 [Worker-72: Launching Executing clean in C__Users_Fer-Net_Desktop_Nueva carpeta (2)_argentina-programa-java-ejemplo-archivos-main_LectorCSV] INFO  o.eclipse.m2e.core.internal.Bundles - 	Entry: C:\Users\Fer-Net\.p2\pool\plugins\org.eclipse.m2e.maven.runtime_3.8.604.20221130-2149
2023-04-02 20:05:48,352 [Worker-72: Launching Executing clean in C__Users_Fer-Net_Desktop_Nueva carpeta (2)_argentina-programa-java-ejemplo-archivos-main_LectorCSV] INFO  o.eclipse.m2e.core.internal.Bundles - 	Entry: C:\Users\Fer-Net\.p2\pool\plugins\org.eclipse.m2e.maven.runtime_3.8.604.20221130-2149\jars\aether-connector-okhttp-0.17.8.jar
2023-04-02 20:05:48,352 [Worker-72: Launching Executing clean in C__Users_Fer-Net_Desktop_Nueva carpeta (2)_argentina-programa-java-ejemplo-archivos-main_LectorCSV] INFO  o.eclipse.m2e.core.internal.Bundles - 	Entry: C:\Users\Fer-Net\.p2\pool\plugins\org.eclipse.m2e.maven.runtime_3.8.604.20221130-2149\jars\commons-cli-1.4.jar
2023-04-02 20:05:48,352 [Worker-72: Launching Executing clean in C__Users_Fer-Net_Desktop_Nueva carpeta (2)_argentina-programa-java-ejemplo-archivos-main_LectorCSV] INFO  o.eclipse.m2e.core.internal.Bundles - 	Entry: C:\Users\Fer-Net\.p2\pool\plugins\org.eclipse.m2e.maven.runtime_3.8.604.20221130-2149\jars\commons-io-2.6.jar
2023-04-02 20:05:48,352 [Worker-72: Launching Executing clean in C__Users_Fer-Net_Desktop_Nueva carpeta (2)_argentina-programa-java-ejemplo-archivos-main_LectorCSV] INFO  o.eclipse.m2e.core.internal.Bundles - 	Entry: C:\Users\Fer-Net\.p2\pool\plugins\org.eclipse.m2e.maven.runtime_3.8.604.20221130-2149\jars\commons-lang3-3.8.1.jar
2023-04-02 20:05:48,352 [Worker-72: Launching Executing clean in C__Users_Fer-Net_Desktop_Nueva carpeta (2)_argentina-programa-java-ejemplo-archivos-main_LectorCSV] INFO  o.eclipse.m2e.core.internal.Bundles - 	Entry: C:\Users\Fer-Net\.p2\pool\plugins\org.eclipse.m2e.maven.runtime_3.8.604.20221130-2149\jars\guice-4.2.2-no_aop.jar
2023-04-02 20:05:48,352 [Worker-72: Launching Executing clean in C__Users_Fer-Net_Desktop_Nueva carpeta (2)_argentina-programa-java-ejemplo-archivos-main_LectorCSV] INFO  o.eclipse.m2e.core.internal.Bundles - 	Entry: C:\Users\Fer-Net\.p2\pool\plugins\org.eclipse.m2e.maven.runtime_3.8.604.20221130-2149\jars\jansi-2.4.0.jar
2023-04-02 20:05:48,352 [Worker-72: Launching Executing clean in C__Users_Fer-Net_Desktop_Nueva carpeta (2)_argentina-programa-java-ejemplo-archivos-main_LectorCSV] INFO  o.eclipse.m2e.core.internal.Bundles - 	Entry: C:\Users\Fer-Net\.p2\pool\plugins\org.eclipse.m2e.maven.runtime_3.8.604.20221130-2149\jars\maven-artifact-3.8.6.jar
2023-04-02 20:05:48,353 [Worker-72: Launching Executing clean in C__Users_Fer-Net_Desktop_Nueva carpeta (2)_argentina-programa-java-ejemplo-archivos-main_LectorCSV] INFO  o.eclipse.m2e.core.internal.Bundles - 	Entry: C:\Users\Fer-Net\.p2\pool\plugins\org.eclipse.m2e.maven.runtime_3.8.604.20221130-2149\jars\maven-builder-support-3.8.6.jar
2023-04-02 20:05:48,353 [Worker-72: Launching Executing clean in C__Users_Fer-Net_Desktop_Nueva carpeta (2)_argentina-programa-java-ejemplo-archivos-main_LectorCSV] INFO  o.eclipse.m2e.core.internal.Bundles - 	Entry: C:\Users\Fer-Net\.p2\pool\plugins\org.eclipse.m2e.maven.runtime_3.8.604.20221130-2149\jars\maven-compat-3.8.6.jar
2023-04-02 20:05:48,353 [Worker-72: Launching Executing clean in C__Users_Fer-Net_Desktop_Nueva carpeta (2)_argentina-programa-java-ejemplo-archivos-main_LectorCSV] INFO  o.eclipse.m2e.core.internal.Bundles - 	Entry: C:\Users\Fer-Net\.p2\pool\plugins\org.eclipse.m2e.maven.runtime_3.8.604.20221130-2149\jars\maven-core-3.8.6.jar
2023-04-02 20:05:48,353 [Worker-72: Launching Executing clean in C__Users_Fer-Net_Desktop_Nueva carpeta (2)_argentina-programa-java-ejemplo-archivos-main_LectorCSV] INFO  o.eclipse.m2e.core.internal.Bundles - 	Entry: C:\Users\Fer-Net\.p2\pool\plugins\org.eclipse.m2e.maven.runtime_3.8.604.20221130-2149\jars\maven-embedder-3.8.6.jar
2023-04-02 20:05:48,353 [Worker-72: Launching Executing clean in C__Users_Fer-Net_Desktop_Nueva carpeta (2)_argentina-programa-java-ejemplo-archivos-main_LectorCSV] INFO  o.eclipse.m2e.core.internal.Bundles - 	Entry: C:\Users\Fer-Net\.p2\pool\plugins\org.eclipse.m2e.maven.runtime_3.8.604.20221130-2149\jars\maven-model-3.8.6.jar
2023-04-02 20:05:48,353 [Worker-72: Launching Executing clean in C__Users_Fer-Net_Desktop_Nueva carpeta (2)_argentina-programa-java-ejemplo-archivos-main_LectorCSV] INFO  o.eclipse.m2e.core.internal.Bundles - 	Entry: C:\Users\Fer-Net\.p2\pool\plugins\org.eclipse.m2e.maven.runtime_3.8.604.20221130-2149\jars\maven-model-builder-3.8.6.jar
2023-04-02 20:05:48,353 [Worker-72: Launching Executing clean in C__Users_Fer-Net_Desktop_Nueva carpeta (2)_argentina-programa-java-ejemplo-archivos-main_LectorCSV] INFO  o.eclipse.m2e.core.internal.Bundles - 	Entry: C:\Users\Fer-Net\.p2\pool\plugins\org.eclipse.m2e.maven.runtime_3.8.604.20221130-2149\jars\maven-plugin-api-3.8.6.jar
2023-04-02 20:05:48,353 [Worker-72: Launching Executing clean in C__Users_Fer-Net_Desktop_Nueva carpeta (2)_argentina-programa-java-ejemplo-archivos-main_LectorCSV] INFO  o.eclipse.m2e.core.internal.Bundles - 	Entry: C:\Users\Fer-Net\.p2\pool\plugins\org.eclipse.m2e.maven.runtime_3.8.604.20221130-2149\jars\maven-repository-metadata-3.8.6.jar
2023-04-02 20:05:48,353 [Worker-72: Launching Executing clean in C__Users_Fer-Net_Desktop_Nueva carpeta (2)_argentina-programa-java-ejemplo-archivos-main_LectorCSV] INFO  o.eclipse.m2e.core.internal.Bundles - 	Entry: C:\Users\Fer-Net\.p2\pool\plugins\org.eclipse.m2e.maven.runtime_3.8.604.20221130-2149\jars\maven-resolver-api-1.6.3.jar
2023-04-02 20:05:48,353 [Worker-72: Launching Executing clean in C__Users_Fer-Net_Desktop_Nueva carpeta (2)_argentina-programa-java-ejemplo-archivos-main_LectorCSV] INFO  o.eclipse.m2e.core.internal.Bundles - 	Entry: C:\Users\Fer-Net\.p2\pool\plugins\org.eclipse.m2e.maven.runtime_3.8.604.20221130-2149\jars\maven-resolver-connector-basic-1.6.3.jar
2023-04-02 20:05:48,354 [Worker-72: Launching Executing clean in C__Users_Fer-Net_Desktop_Nueva carpeta (2)_argentina-programa-java-ejemplo-archivos-main_LectorCSV] INFO  o.eclipse.m2e.core.internal.Bundles - 	Entry: C:\Users\Fer-Net\.p2\pool\plugins\org.eclipse.m2e.maven.runtime_3.8.604.20221130-2149\jars\maven-resolver-impl-1.6.3.jar
2023-04-02 20:05:48,354 [Worker-72: Launching Executing clean in C__Users_Fer-Net_Desktop_Nueva carpeta (2)_argentina-programa-java-ejemplo-archivos-main_LectorCSV] INFO  o.eclipse.m2e.core.internal.Bundles - 	Entry: C:\Users\Fer-Net\.p2\pool\plugins\org.eclipse.m2e.maven.runtime_3.8.604.20221130-2149\jars\maven-resolver-provider-3.8.6.jar
2023-04-02 20:05:48,354 [Worker-72: Launching Executing clean in C__Users_Fer-Net_Desktop_Nueva carpeta (2)_argentina-programa-java-ejemplo-archivos-main_LectorCSV] INFO  o.eclipse.m2e.core.internal.Bundles - 	Entry: C:\Users\Fer-Net\.p2\pool\plugins\org.eclipse.m2e.maven.runtime_3.8.604.20221130-2149\jars\maven-resolver-spi-1.6.3.jar
2023-04-02 20:05:48,354 [Worker-72: Launching Executing clean in C__Users_Fer-Net_Desktop_Nueva carpeta (2)_argentina-programa-java-ejemplo-archivos-main_LectorCSV] INFO  o.eclipse.m2e.core.internal.Bundles - 	Entry: C:\Users\Fer-Net\.p2\pool\plugins\org.eclipse.m2e.maven.runtime_3.8.604.20221130-2149\jars\maven-resolver-transport-wagon-1.6.3.jar
2023-04-02 20:05:48,354 [Worker-72: Launching Executing clean in C__Users_Fer-Net_Desktop_Nueva carpeta (2)_argentina-programa-java-ejemplo-archivos-main_LectorCSV] INFO  o.eclipse.m2e.core.internal.Bundles - 	Entry: C:\Users\Fer-Net\.p2\pool\plugins\org.eclipse.m2e.maven.runtime_3.8.604.20221130-2149\jars\maven-resolver-util-1.6.3.jar
2023-04-02 20:05:48,354 [Worker-72: Launching Executing clean in C__Users_Fer-Net_Desktop_Nueva carpeta (2)_argentina-programa-java-ejemplo-archivos-main_LectorCSV] INFO  o.eclipse.m2e.core.internal.Bundles - 	Entry: C:\Users\Fer-Net\.p2\pool\plugins\org.eclipse.m2e.maven.runtime_3.8.604.20221130-2149\jars\maven-settings-3.8.6.jar
2023-04-02 20:05:48,354 [Worker-72: Launching Executing clean in C__Users_Fer-Net_Desktop_Nueva carpeta (2)_argentina-programa-java-ejemplo-archivos-main_LectorCSV] INFO  o.eclipse.m2e.core.internal.Bundles - 	Entry: C:\Users\Fer-Net\.p2\pool\plugins\org.eclipse.m2e.maven.runtime_3.8.604.20221130-2149\jars\maven-settings-builder-3.8.6.jar
2023-04-02 20:05:48,354 [Worker-72: Launching Executing clean in C__Users_Fer-Net_Desktop_Nueva carpeta (2)_argentina-programa-java-ejemplo-archivos-main_LectorCSV] INFO  o.eclipse.m2e.core.internal.Bundles - 	Entry: C:\Users\Fer-Net\.p2\pool\plugins\org.eclipse.m2e.maven.runtime_3.8.604.20221130-2149\jars\maven-shared-utils-3.3.4.jar
2023-04-02 20:05:48,354 [Worker-72: Launching Executing clean in C__Users_Fer-Net_Desktop_Nueva carpeta (2)_argentina-programa-java-ejemplo-archivos-main_LectorCSV] INFO  o.eclipse.m2e.core.internal.Bundles - 	Entry: C:\Users\Fer-Net\.p2\pool\plugins\org.eclipse.m2e.maven.runtime_3.8.604.20221130-2149\jars\okhttp-3.14.1.jar
2023-04-02 20:05:48,355 [Worker-72: Launching Executing clean in C__Users_Fer-Net_Desktop_Nueva carpeta (2)_argentina-programa-java-ejemplo-archivos-main_LectorCSV] INFO  o.eclipse.m2e.core.internal.Bundles - 	Entry: C:\Users\Fer-Net\.p2\pool\plugins\org.eclipse.m2e.maven.runtime_3.8.604.20221130-2149\jars\okio-1.17.3.jar
2023-04-02 20:05:48,355 [Worker-72: Launching Executing clean in C__Users_Fer-Net_Desktop_Nueva carpeta (2)_argentina-programa-java-ejemplo-archivos-main_LectorCSV] INFO  o.eclipse.m2e.core.internal.Bundles - 	Entry: C:\Users\Fer-Net\.p2\pool\plugins\org.eclipse.m2e.maven.runtime_3.8.604.20221130-2149\jars\org.eclipse.sisu.inject-0.3.5.jar
2023-04-02 20:05:48,355 [Worker-72: Launching Executing clean in C__Users_Fer-Net_Desktop_Nueva carpeta (2)_argentina-programa-java-ejemplo-archivos-main_LectorCSV] INFO  o.eclipse.m2e.core.internal.Bundles - 	Entry: C:\Users\Fer-Net\.p2\pool\plugins\org.eclipse.m2e.maven.runtime_3.8.604.20221130-2149\jars\org.eclipse.sisu.plexus-0.3.5.jar
2023-04-02 20:05:48,355 [Worker-72: Launching Executing clean in C__Users_Fer-Net_Desktop_Nueva carpeta (2)_argentina-programa-java-ejemplo-archivos-main_LectorCSV] INFO  o.eclipse.m2e.core.internal.Bundles - 	Entry: C:\Users\Fer-Net\.p2\pool\plugins\org.eclipse.m2e.maven.runtime_3.8.604.20221130-2149\jars\plexus-build-api-0.0.7.jar
2023-04-02 20:05:48,355 [Worker-72: Launching Executing clean in C__Users_Fer-Net_Desktop_Nueva carpeta (2)_argentina-programa-java-ejemplo-archivos-main_LectorCSV] INFO  o.eclipse.m2e.core.internal.Bundles - 	Entry: C:\Users\Fer-Net\.p2\pool\plugins\org.eclipse.m2e.maven.runtime_3.8.604.20221130-2149\jars\plexus-cipher-2.0.jar
2023-04-02 20:05:48,355 [Worker-72: Launching Executing clean in C__Users_Fer-Net_Desktop_Nueva carpeta (2)_argentina-programa-java-ejemplo-archivos-main_LectorCSV] INFO  o.eclipse.m2e.core.internal.Bundles - 	Entry: C:\Users\Fer-Net\.p2\pool\plugins\org.eclipse.m2e.maven.runtime_3.8.604.20221130-2149\jars\plexus-classworlds-2.6.0.jar
2023-04-02 20:05:48,355 [Worker-72: Launching Executing clean in C__Users_Fer-Net_Desktop_Nueva carpeta (2)_argentina-programa-java-ejemplo-archivos-main_LectorCSV] INFO  o.eclipse.m2e.core.internal.Bundles - 	Entry: C:\Users\Fer-Net\.p2\pool\plugins\org.eclipse.m2e.maven.runtime_3.8.604.20221130-2149\jars\plexus-component-annotations-2.1.0.jar
2023-04-02 20:05:48,355 [Worker-72: Launching Executing clean in C__Users_Fer-Net_Desktop_Nueva carpeta (2)_argentina-programa-java-ejemplo-archivos-main_LectorCSV] INFO  o.eclipse.m2e.core.internal.Bundles - 	Entry: C:\Users\Fer-Net\.p2\pool\plugins\org.eclipse.m2e.maven.runtime_3.8.604.20221130-2149\jars\plexus-interpolation-1.26.jar
2023-04-02 20:05:48,356 [Worker-72: Launching Executing clean in C__Users_Fer-Net_Desktop_Nueva carpeta (2)_argentina-programa-java-ejemplo-archivos-main_LectorCSV] INFO  o.eclipse.m2e.core.internal.Bundles - 	Entry: C:\Users\Fer-Net\.p2\pool\plugins\org.eclipse.m2e.maven.runtime_3.8.604.20221130-2149\jars\plexus-sec-dispatcher-2.0.jar
2023-04-02 20:05:48,356 [Worker-72: Launching Executing clean in C__Users_Fer-Net_Desktop_Nueva carpeta (2)_argentina-programa-java-ejemplo-archivos-main_LectorCSV] INFO  o.eclipse.m2e.core.internal.Bundles - 	Entry: C:\Users\Fer-Net\.p2\pool\plugins\org.eclipse.m2e.maven.runtime_3.8.604.20221130-2149\jars\plexus-utils-3.3.1.jar
2023-04-02 20:05:48,356 [Worker-72: Launching Executing clean in C__Users_Fer-Net_Desktop_Nueva carpeta (2)_argentina-programa-java-ejemplo-archivos-main_LectorCSV] INFO  o.eclipse.m2e.core.internal.Bundles - 	Entry: C:\Users\Fer-Net\.p2\pool\plugins\org.eclipse.m2e.maven.runtime_3.8.604.20221130-2149\jars\wagon-file-3.5.1.jar
2023-04-02 20:05:48,356 [Worker-72: Launching Executing clean in C__Users_Fer-Net_Desktop_Nueva carpeta (2)_argentina-programa-java-ejemplo-archivos-main_LectorCSV] INFO  o.eclipse.m2e.core.internal.Bundles - 	Entry: C:\Users\Fer-Net\.p2\pool\plugins\org.eclipse.m2e.maven.runtime_3.8.604.20221130-2149\jars\wagon-provider-api-3.5.1.jar
2023-04-02 20:05:48,357 [Worker-72: Launching Executing clean in C__Users_Fer-Net_Desktop_Nueva carpeta (2)_argentina-programa-java-ejemplo-archivos-main_LectorCSV] INFO  o.eclipse.m2e.core.internal.Bundles - getClasspathEntries(Bundle=com.google.guava_30.1.0.v20221112-0806 [8])
2023-04-02 20:05:48,358 [Worker-72: Launching Executing clean in C__Users_Fer-Net_Desktop_Nueva carpeta (2)_argentina-programa-java-ejemplo-archivos-main_LectorCSV] INFO  o.eclipse.m2e.core.internal.Bundles - 	Entry: C:\Users\Fer-Net\.p2\pool\plugins\com.google.guava_30.1.0.v20221112-0806.jar
2023-04-02 20:05:48,358 [Worker-72: Launching Executing clean in C__Users_Fer-Net_Desktop_Nueva carpeta (2)_argentina-programa-java-ejemplo-archivos-main_LectorCSV] INFO  o.eclipse.m2e.core.internal.Bundles - getClasspathEntries(Bundle=slf4j.api_1.7.36 [433])
2023-04-02 20:05:48,359 [Worker-72: Launching Executing clean in C__Users_Fer-Net_Desktop_Nueva carpeta (2)_argentina-programa-java-ejemplo-archivos-main_LectorCSV] INFO  o.eclipse.m2e.core.internal.Bundles - 	Entry: C:\Users\Fer-Net\.p2\pool\plugins\slf4j.api_1.7.36.jar
2023-04-02 20:05:48,359 [Worker-72: Launching Executing clean in C__Users_Fer-Net_Desktop_Nueva carpeta (2)_argentina-programa-java-ejemplo-archivos-main_LectorCSV] INFO  o.eclipse.m2e.core.internal.Bundles - getClasspathEntries(Bundle=javax.inject_1.0.0.v20220405-0441 [18])
2023-04-02 20:05:48,359 [Worker-72: Launching Executing clean in C__Users_Fer-Net_Desktop_Nueva carpeta (2)_argentina-programa-java-ejemplo-archivos-main_LectorCSV] INFO  o.eclipse.m2e.core.internal.Bundles - 	Entry: C:\Users\Fer-Net\.p2\pool\plugins\javax.inject_1.0.0.v20220405-0441.jar
2023-04-02 20:05:48,359 [Worker-72: Launching Executing clean in C__Users_Fer-Net_Desktop_Nueva carpeta (2)_argentina-programa-java-ejemplo-archivos-main_LectorCSV] INFO  o.eclipse.m2e.core.internal.Bundles - getClasspathEntries(Bundle=javax.annotation_1.3.5.v20221112-0806 [16])
2023-04-02 20:05:48,475 [Worker-72: Launching Executing clean in C__Users_Fer-Net_Desktop_Nueva carpeta (2)_argentina-programa-java-ejemplo-archivos-main_LectorCSV] INFO  o.eclipse.m2e.core.internal.Bundles - 	Entry: C:\Users\Fer-Net\.p2\pool\plugins\javax.annotation_1.3.5.v20221112-0806.jar
2023-04-02 20:05:48,477 [Worker-72: Launching Executing clean in C__Users_Fer-Net_Desktop_Nueva carpeta (2)_argentina-programa-java-ejemplo-archivos-main_LectorCSV] INFO  o.e.m.i.launch.MavenLaunchDelegate - Run build in "C:\Users\Fer-Net\Desktop\Nueva carpeta (2)\argentina-programa-java-ejemplo-archivos-main\LectorCSV":
2023-04-02 20:05:48,478 [Worker-72: Launching Executing clean in C__Users_Fer-Net_Desktop_Nueva carpeta (2)_argentina-programa-java-ejemplo-archivos-main_LectorCSV] INFO  o.e.m.i.launch.MavenLaunchDelegate -  mvn  -B -Dstyle.color=always clean
2023-04-02 20:05:49,835 [Worker-68: Building] WARN  o.e.m.c.i.embedder.EclipseLogger - Using platform encoding (Cp1252 actually) to copy filtered resources, i.e. build is platform dependent!
2023-04-02 20:05:49,836 [Worker-68: Building] INFO  o.e.m.c.i.embedder.EclipseLogger - Copying 5 resources
2023-04-02 20:05:49,847 [Worker-68: Building] WARN  o.e.m.c.i.embedder.EclipseLogger - Using platform encoding (Cp1252 actually) to copy filtered resources, i.e. build is platform dependent!
2023-04-02 20:05:49,848 [Worker-68: Building] INFO  o.e.m.c.i.embedder.EclipseLogger - skip non existing resourceDirectory C:\Users\Fer-Net\Desktop\Nueva carpeta (2)\argentina-programa-java-ejemplo-archivos-main\LectorCSV\src\test\resources
2023-04-02 20:05:55,497 [Worker-57: Launching Executing install in C__Users_Fer-Net_Desktop_Nueva carpeta (2)_argentina-programa-java-ejemplo-archivos-main_LectorCSV] INFO  o.e.m.i.launch.MavenLaunchDelegate - Run build in "C:\Users\Fer-Net\Desktop\Nueva carpeta (2)\argentina-programa-java-ejemplo-archivos-main\LectorCSV":
2023-04-02 20:05:55,497 [Worker-57: Launching Executing install in C__Users_Fer-Net_Desktop_Nueva carpeta (2)_argentina-programa-java-ejemplo-archivos-main_LectorCSV] INFO  o.e.m.i.launch.MavenLaunchDelegate -  mvn  -B -Dstyle.color=always install
2023-04-02 20:06:00,183 [Worker-69: Building] WARN  o.e.m.c.i.embedder.EclipseLogger - Using platform encoding (Cp1252 actually) to copy filtered resources, i.e. build is platform dependent!
2023-04-02 20:06:00,184 [Worker-69: Building] INFO  o.e.m.c.i.embedder.EclipseLogger - Copying 5 resources
2023-04-02 20:06:00,185 [Worker-69: Building] WARN  o.e.m.c.i.embedder.EclipseLogger - Using platform encoding (Cp1252 actually) to copy filtered resources, i.e. build is platform dependent!
2023-04-02 20:06:00,186 [Worker-69: Building] INFO  o.e.m.c.i.embedder.EclipseLogger - skip non existing resourceDirectory C:\Users\Fer-Net\Desktop\Nueva carpeta (2)\argentina-programa-java-ejemplo-archivos-main\LectorCSV\src\test\resources
2023-04-02 20:08:08,945 [Worker-73: Building] WARN  o.e.m.c.i.embedder.EclipseLogger - Using platform encoding (Cp1252 actually) to copy filtered resources, i.e. build is platform dependent!
2023-04-02 20:08:08,946 [Worker-73: Building] INFO  o.e.m.c.i.embedder.EclipseLogger - Copying 5 resources
2023-04-02 20:08:08,947 [Worker-73: Building] WARN  o.e.m.c.i.embedder.EclipseLogger - Using platform encoding (Cp1252 actually) to copy filtered resources, i.e. build is platform dependent!
2023-04-02 20:08:08,948 [Worker-73: Building] INFO  o.e.m.c.i.embedder.EclipseLogger - skip non existing resourceDirectory C:\Users\Fer-Net\Desktop\Nueva carpeta (2)\argentina-programa-java-ejemplo-archivos-main\LectorCSV\src\test\resources
2023-04-02 20:09:19,944 [Worker-67: Building] WARN  o.e.m.c.i.embedder.EclipseLogger - Using platform encoding (Cp1252 actually) to copy filtered resources, i.e. build is platform dependent!
2023-04-02 20:09:19,945 [Worker-67: Building] INFO  o.e.m.c.i.embedder.EclipseLogger - Copying 5 resources
2023-04-02 20:09:19,947 [Worker-67: Building] WARN  o.e.m.c.i.embedder.EclipseLogger - Using platform encoding (Cp1252 actually) to copy filtered resources, i.e. build is platform dependent!
2023-04-02 20:09:19,947 [Worker-67: Building] INFO  o.e.m.c.i.embedder.EclipseLogger - skip non existing resourceDirectory C:\Users\Fer-Net\Desktop\Nueva carpeta (2)\argentina-programa-java-ejemplo-archivos-main\LectorCSV\src\test\resources
2023-04-02 20:09:47,835 [Worker-67: Launching Executing clean in C__Users_Fer-Net_Desktop_Nueva carpeta (2)_argentina-programa-java-ejemplo-archivos-main_LectorCSV] INFO  o.e.m.i.launch.MavenLaunchDelegate - Run build in "C:\Users\Fer-Net\Desktop\Nueva carpeta (2)\argentina-programa-java-ejemplo-archivos-main\LectorCSV":
2023-04-02 20:09:47,835 [Worker-67: Launching Executing clean in C__Users_Fer-Net_Desktop_Nueva carpeta (2)_argentina-programa-java-ejemplo-archivos-main_LectorCSV] INFO  o.e.m.i.launch.MavenLaunchDelegate -  mvn  -B -Dstyle.color=always clean
2023-04-02 20:09:50,260 [Worker-63: Building] WARN  o.e.m.c.i.embedder.EclipseLogger - Using platform encoding (Cp1252 actually) to copy filtered resources, i.e. build is platform dependent!
2023-04-02 20:09:50,261 [Worker-63: Building] INFO  o.e.m.c.i.embedder.EclipseLogger - Copying 5 resources
2023-04-02 20:09:50,271 [Worker-63: Building] WARN  o.e.m.c.i.embedder.EclipseLogger - Using platform encoding (Cp1252 actually) to copy filtered resources, i.e. build is platform dependent!
2023-04-02 20:09:50,272 [Worker-63: Building] INFO  o.e.m.c.i.embedder.EclipseLogger - skip non existing resourceDirectory C:\Users\Fer-Net\Desktop\Nueva carpeta (2)\argentina-programa-java-ejemplo-archivos-main\LectorCSV\src\test\resources
2023-04-02 20:10:01,316 [Worker-63: Launching Executing clean in C__Users_Fer-Net_Desktop_Nueva carpeta (2)_argentina-programa-java-ejemplo-archivos-main_LectorCSV] INFO  o.e.m.i.launch.MavenLaunchDelegate - Run build in "C:\Users\Fer-Net\Desktop\Nueva carpeta (2)\argentina-programa-java-ejemplo-archivos-main\LectorCSV":
2023-04-02 20:10:01,316 [Worker-63: Launching Executing clean in C__Users_Fer-Net_Desktop_Nueva carpeta (2)_argentina-programa-java-ejemplo-archivos-main_LectorCSV] INFO  o.e.m.i.launch.MavenLaunchDelegate -  mvn  -B -Dstyle.color=always clean
2023-04-02 20:10:02,569 [Worker-72: Building] WARN  o.e.m.c.i.embedder.EclipseLogger - Using platform encoding (Cp1252 actually) to copy filtered resources, i.e. build is platform dependent!
2023-04-02 20:10:02,570 [Worker-72: Building] INFO  o.e.m.c.i.embedder.EclipseLogger - Copying 5 resources
2023-04-02 20:10:02,578 [Worker-72: Building] WARN  o.e.m.c.i.embedder.EclipseLogger - Using platform encoding (Cp1252 actually) to copy filtered resources, i.e. build is platform dependent!
2023-04-02 20:10:02,578 [Worker-72: Building] INFO  o.e.m.c.i.embedder.EclipseLogger - skip non existing resourceDirectory C:\Users\Fer-Net\Desktop\Nueva carpeta (2)\argentina-programa-java-ejemplo-archivos-main\LectorCSV\src\test\resources
2023-04-02 20:10:08,472 [Worker-67: Launching Executing install in C__Users_Fer-Net_Desktop_Nueva carpeta (2)_argentina-programa-java-ejemplo-archivos-main_LectorCSV] INFO  o.e.m.i.launch.MavenLaunchDelegate - Run build in "C:\Users\Fer-Net\Desktop\Nueva carpeta (2)\argentina-programa-java-ejemplo-archivos-main\LectorCSV":
2023-04-02 20:10:08,473 [Worker-67: Launching Executing install in C__Users_Fer-Net_Desktop_Nueva carpeta (2)_argentina-programa-java-ejemplo-archivos-main_LectorCSV] INFO  o.e.m.i.launch.MavenLaunchDelegate -  mvn  -B -Dstyle.color=always install
2023-04-02 20:10:11,310 [Worker-72: Building] WARN  o.e.m.c.i.embedder.EclipseLogger - Using platform encoding (Cp1252 actually) to copy filtered resources, i.e. build is platform dependent!
2023-04-02 20:10:11,311 [Worker-72: Building] INFO  o.e.m.c.i.embedder.EclipseLogger - Copying 5 resources
2023-04-02 20:10:11,312 [Worker-72: Building] WARN  o.e.m.c.i.embedder.EclipseLogger - Using platform encoding (Cp1252 actually) to copy filtered resources, i.e. build is platform dependent!
2023-04-02 20:10:11,313 [Worker-72: Building] INFO  o.e.m.c.i.embedder.EclipseLogger - skip non existing resourceDirectory C:\Users\Fer-Net\Desktop\Nueva carpeta (2)\argentina-programa-java-ejemplo-archivos-main\LectorCSV\src\test\resources
